     1                                  bits 32 
     2                                  global start        
     3                                  
     4                                  extern exit, scanf, printf         
     5                                  import exit msvcrt.dll    
     6                                  import scanf msvcrt.dll
     7                                  import printf msvcrt.dll
     8                                  segment data use32 class=data
     9 00000000 256400                      decimal_format db "%d", 0
    10 00000003 546865206865782076-         hex_format db "The hex value of thin number is: %x", 0
    10 0000000C 616C7565206F662074-
    10 00000015 68696E206E756D6265-
    10 0000001E 722069733A20257800 
    11 00000027 00000000                    new_number dd 0
    12                                  segment code use32 class=code
    13                                      start:
    14                                          read_numbers_until_0:
    15 00000000 68[27000000]                        push new_number
    16 00000005 68[00000000]                        push decimal_format
    17 0000000A FF15[00000000]                      call [scanf]
    18 00000010 83C408                              add esp, 4 * 2
    19                                              
    20 00000013 833D[27000000]00                    cmp dword [new_number], 0
    21 0000001A 7414                                je fin
    22                                              
    23 0000001C FF35[27000000]                      push dword [new_number]
    24 00000022 68[03000000]                        push hex_format
    25 00000027 FF15[00000000]                      call [printf]
    26 0000002D 83C408                              add esp, 4 * 2
    27                                              
    28                                      
    29                                          fin:
    30                                          
    31 00000030 6A00                            push    dword 0      ; push the parameter for exit onto the stack
    32 00000032 FF15[00000000]                  call    [exit]       ; call exit to terminate the program
