     1                                  bits 32 
     2                                  
     3                                  global start        
     4                                  
     5                                  extern exit, scanf, printf                
     6                                  import exit msvcrt.dll    
     7                                  import scanf msvcrt.dll
     8                                  import printf msvcrt.dll
     9                                  segment data use32 class=data
    10 00000000 <res 00000065>              string_1 resb 101
    11 00000065 <res 00000065>              string_2 resb 101
    12 000000CA <res 00000065>              string_3 resb 101
    13 0000012F <res 0000012F>              concat_string resb 303
    14 0000025E 257300                      format_read_string db "%s", 0
    15                                  segment code use32 class=code
    16                                      start:
    17 00000000 68[00000000]                    push dword string_1
    18 00000005 68[5E020000]                    push format_read_string
    19 0000000A FF15[00000000]                  call [scanf]
    20 00000010 83C408                          add esp, 4 * 2
    21                                          
    22 00000013 68[65000000]                    push dword string_2
    23 00000018 68[5E020000]                    push format_read_string
    24 0000001D FF15[00000000]                  call [scanf]
    25 00000023 83C408                          add esp, 4 * 2
    26                                          
    27 00000026 68[CA000000]                    push dword string_3
    28 0000002B 68[5E020000]                    push format_read_string
    29 00000030 FF15[00000000]                  call [scanf]
    30 00000036 83C408                          add esp, 4 * 2
    31                                      
    32                                          ; exit(0)
    33 00000039 6A00                            push    dword 0      ; push the parameter for exit onto the stack
    34 0000003B FF15[00000000]                  call    [exit]       ; call exit to terminate the program
