[('BEGIN', 0),
 ('identifier', 12),
 ('=', 0),
 ('constant', 13),
 (';', 0),
 ('identifier', 14),
 (':', 0),
 ('int', 0),
 (';', 0),
 ('identifier', 2),
 (':', 0),
 ('int', 0),
 (';', 0),
 ('identifier', 12),
 (':', 0),
 ('int', 0),
 (';', 0),
 ('identifier', 6),
 (':', 0),
 ('int', 0),
 (';', 0),
 ('identifier', 14),
 ('=', 0),
 ('constant', 1),
 (';', 0),
 ('identifier', 2),
 ('=', 0),
 ('constant', 5),
 (';', 0),
 ('identifier', 12),
 ('=', 0),
 ('constant', 10),
 ('-', 0),
 ('constant', 3),
 (';', 0),
 ('if', 0),
 ('(', 0),
 ('identifier', 14),
 ('>', 0),
 ('identifier', 2),
 (')', 0),
 ('{', 0),
 ('identifier', 6),
 ('=', 0),
 ('identifier', 14),
 (';', 0),
 ('}', 0),
 ('else', 0),
 ('{', 0),
 ('identifier', 6),
 ('=', 0),
 ('identifier', 2),
 (';', 0),
 ('}', 0),
 ('if', 0),
 ('(', 0),
 ('identifier', 6),
 ('<', 0),
 ('identifier', 12),
 (')', 0),
 ('{', 0),
 ('identifier', 6),
 ('=', 0),
 ('identifier', 12),
 (';', 0),
 ('}', 0),
 ('END', 0)]